<?xml version="1.0" encoding="UTF-8"?>
<testsuite xmlns:xsi="http://www.w3.org/2001/XMLSchema-instance" xsi:noNamespaceSchemaLocation="https://maven.apache.org/surefire/maven-surefire-plugin/xsd/surefire-test-report-3.0.xsd" version="3.0" name="com.example.order.test.component.behaviour.OrderServiceTest" time="7.28" tests="1" errors="0" skipped="0" failures="0">
  <properties>
[...]
</properties>
  <testcase name="contextLoads" classname="com.example.order.test.component.behaviour.OrderServiceTest" time="1.296">
    <system-out><![CDATA[
  .   ____          _            __ _ _
 /\\ / ___'_ __ _ _(_)_ __  __ _ \ \ \ \
( ( )\___ | '_ | '_| | '_ \/ _` | \ \ \ \
 \\/  ___)| |_)| | | | | || (_| |  ) ) ) )
  '  |____| .__|_| |_|_| |_\__, | / / / /
 =========|_|==============|___/=/_/_/_/
&amp#27;[32m :: Spring Boot :: &amp#27;[39m             &amp#27;[2m (v3.1.12)&amp#27;[0;39m

&amp#27;[2m2025-03-23T11:51:48.162+01:00&amp#27;[0;39m &amp#27;[32m INFO&amp#27;[0;39m &amp#27;[35m6568&amp#27;[0;39m &amp#27;[2m---&amp#27;[0;39m &amp#27;[2m[           main]&amp#27;[0;39m &amp#27;[36mc.e.o.t.c.behaviour.OrderServiceTest    &amp#27;[0;39m &amp#27;[2m:&amp#27;[0;39m Starting OrderServiceTest using Java 23.0.2 with PID 6568 (started by lassegrot in /Users/lassegrot/Desktop/PrüfungSlotosNeu/order10)
&amp#27;[2m2025-03-23T11:51:48.166+01:00&amp#27;[0;39m &amp#27;[32m INFO&amp#27;[0;39m &amp#27;[35m6568&amp#27;[0;39m &amp#27;[2m---&amp#27;[0;39m &amp#27;[2m[           main]&amp#27;[0;39m &amp#27;[36mc.e.o.t.c.behaviour.OrderServiceTest    &amp#27;[0;39m &amp#27;[2m:&amp#27;[0;39m No active profile set, falling back to 1 default profile: "default"
&amp#27;[2m2025-03-23T11:51:49.157+01:00&amp#27;[0;39m &amp#27;[32m INFO&amp#27;[0;39m &amp#27;[35m6568&amp#27;[0;39m &amp#27;[2m---&amp#27;[0;39m &amp#27;[2m[           main]&amp#27;[0;39m &amp#27;[36m.s.d.r.c.RepositoryConfigurationDelegate&amp#27;[0;39m &amp#27;[2m:&amp#27;[0;39m Bootstrapping Spring Data MongoDB repositories in DEFAULT mode.
&amp#27;[2m2025-03-23T11:51:49.356+01:00&amp#27;[0;39m &amp#27;[32m INFO&amp#27;[0;39m &amp#27;[35m6568&amp#27;[0;39m &amp#27;[2m---&amp#27;[0;39m &amp#27;[2m[           main]&amp#27;[0;39m &amp#27;[36m.s.d.r.c.RepositoryConfigurationDelegate&amp#27;[0;39m &amp#27;[2m:&amp#27;[0;39m Finished Spring Data repository scanning in 193 ms. Found 1 MongoDB repository interface.
&amp#27;[2m2025-03-23T11:51:49.686+01:00&amp#27;[0;39m &amp#27;[32m INFO&amp#27;[0;39m &amp#27;[35m6568&amp#27;[0;39m &amp#27;[2m---&amp#27;[0;39m &amp#27;[2m[           main]&amp#27;[0;39m &amp#27;[36mo.s.cloud.context.scope.GenericScope    &amp#27;[0;39m &amp#27;[2m:&amp#27;[0;39m BeanFactory id=66b4b886-7c0f-3eef-a424-4e2f88eb3d9d
&amp#27;[2m2025-03-23T11:51:49.793+01:00&amp#27;[0;39m &amp#27;[32m INFO&amp#27;[0;39m &amp#27;[35m6568&amp#27;[0;39m &amp#27;[2m---&amp#27;[0;39m &amp#27;[2m[           main]&amp#27;[0;39m &amp#27;[36mtrationDelegate$BeanPostProcessorChecker&amp#27;[0;39m &amp#27;[2m:&amp#27;[0;39m Bean 'com.example.order.connector.ForeignArticleRestConnectorRequester' of type [org.springframework.cloud.openfeign.FeignClientFactoryBean] is not eligible for getting processed by all BeanPostProcessors (for example: not eligible for auto-proxying)
&amp#27;[2m2025-03-23T11:51:50.132+01:00&amp#27;[0;39m &amp#27;[32m INFO&amp#27;[0;39m &amp#27;[35m6568&amp#27;[0;39m &amp#27;[2m---&amp#27;[0;39m &amp#27;[2m[           main]&amp#27;[0;39m &amp#27;[36morg.mongodb.driver.client               &amp#27;[0;39m &amp#27;[2m:&amp#27;[0;39m MongoClient with metadata {"driver": {"name": "mongo-java-driver|sync|spring-boot", "version": "4.9.1"}, "os": {"type": "Darwin", "name": "Mac OS X", "architecture": "x86_64", "version": "13.7"}, "platform": "Java/Homebrew/23.0.2"} created with settings MongoClientSettings{readPreference=primary, writeConcern=WriteConcern{w=null, wTimeout=null ms, journal=null}, retryWrites=true, retryReads=true, readConcern=ReadConcern{level=null}, credential=MongoCredential{mechanism=null, userName='order_user', source='order_db', password=<hidden>, mechanismProperties=<hidden>}, streamFactoryFactory=null, commandListeners=[], codecRegistry=ProvidersCodecRegistry{codecProviders=[ValueCodecProvider{}, BsonValueCodecProvider{}, DBRefCodecProvider{}, DBObjectCodecProvider{}, DocumentCodecProvider{}, CollectionCodecProvider{}, IterableCodecProvider{}, MapCodecProvider{}, GeoJsonCodecProvider{}, GridFSFileCodecProvider{}, Jsr310CodecProvider{}, JsonObjectCodecProvider{}, BsonCodecProvider{}, EnumCodecProvider{}, com.mongodb.client.model.mql.ExpressionCodecProvider@616a06e3, com.mongodb.Jep395RecordCodecProvider@42297bdf]}, loggerSettings=LoggerSettings{maxDocumentLength=1000}, clusterSettings={hosts=[localhost:27017], srvServiceName=mongodb, mode=SINGLE, requiredClusterType=UNKNOWN, requiredReplicaSetName='null', serverSelector='null', clusterListeners='[]', serverSelectionTimeout='30000 ms', localThreshold='30000 ms'}, socketSettings=SocketSettings{connectTimeoutMS=10000, readTimeoutMS=0, receiveBufferSize=0, sendBufferSize=0}, heartbeatSocketSettings=SocketSettings{connectTimeoutMS=10000, readTimeoutMS=10000, receiveBufferSize=0, sendBufferSize=0}, connectionPoolSettings=ConnectionPoolSettings{maxSize=100, minSize=0, maxWaitTimeMS=120000, maxConnectionLifeTimeMS=0, maxConnectionIdleTimeMS=0, maintenanceInitialDelayMS=0, maintenanceFrequencyMS=60000, connectionPoolListeners=[], maxConnecting=2}, serverSettings=ServerSettings{heartbeatFrequencyMS=10000, minHeartbeatFrequencyMS=500, serverListeners='[]', serverMonitorListeners='[]'}, sslSettings=SslSettings{enabled=false, invalidHostNameAllowed=false, context=null}, applicationName='null', compressorList=[], uuidRepresentation=JAVA_LEGACY, serverApi=null, autoEncryptionSettings=null, contextProvider=null}
&amp#27;[2m2025-03-23T11:51:50.181+01:00&amp#27;[0;39m &amp#27;[32m INFO&amp#27;[0;39m &amp#27;[35m6568&amp#27;[0;39m &amp#27;[2m---&amp#27;[0;39m &amp#27;[2m[localhost:27017]&amp#27;[0;39m &amp#27;[36morg.mongodb.driver.cluster              &amp#27;[0;39m &amp#27;[2m:&amp#27;[0;39m Monitor thread successfully connected to server with description ServerDescription{address=localhost:27017, type=STANDALONE, state=CONNECTED, ok=true, minWireVersion=0, maxWireVersion=25, maxDocumentSize=16777216, logicalSessionTimeoutMinutes=30, roundTripTimeNanos=28437475}
&amp#27;[2m2025-03-23T11:51:51.094+01:00&amp#27;[0;39m &amp#27;[32m INFO&amp#27;[0;39m &amp#27;[35m6568&amp#27;[0;39m &amp#27;[2m---&amp#27;[0;39m &amp#27;[2m[           main]&amp#27;[0;39m &amp#27;[36mo.s.c.openfeign.FeignClientFactoryBean  &amp#27;[0;39m &amp#27;[2m:&amp#27;[0;39m For 'article' URL not provided. Will try picking an instance via load-balancing.
&amp#27;[2m2025-03-23T11:51:51.829+01:00&amp#27;[0;39m &amp#27;[32m INFO&amp#27;[0;39m &amp#27;[35m6568&amp#27;[0;39m &amp#27;[2m---&amp#27;[0;39m &amp#27;[2m[           main]&amp#27;[0;39m &amp#27;[36mDiscoveryClientOptionalArgsConfiguration&amp#27;[0;39m &amp#27;[2m:&amp#27;[0;39m Eureka HTTP Client uses RestTemplate.
&amp#27;[2m2025-03-23T11:51:51.964+01:00&amp#27;[0;39m &amp#27;[33m WARN&amp#27;[0;39m &amp#27;[35m6568&amp#27;[0;39m &amp#27;[2m---&amp#27;[0;39m &amp#27;[2m[           main]&amp#27;[0;39m &amp#27;[36miguration$LoadBalancerCaffeineWarnLogger&amp#27;[0;39m &amp#27;[2m:&amp#27;[0;39m Spring Cloud LoadBalancer is currently working with the default cache. While this cache implementation is useful for development and tests, it's recommended to use Caffeine cache in production.You can switch to using Caffeine cache, by adding it and org.springframework.cache.caffeine.CaffeineCacheManager to the classpath.
&amp#27;[2m2025-03-23T11:51:52.245+01:00&amp#27;[0;39m &amp#27;[32m INFO&amp#27;[0;39m &amp#27;[35m6568&amp#27;[0;39m &amp#27;[2m---&amp#27;[0;39m &amp#27;[2m[           main]&amp#27;[0;39m &amp#27;[36mo.s.c.n.eureka.InstanceInfoFactory      &amp#27;[0;39m &amp#27;[2m:&amp#27;[0;39m Setting initial instance status as: STARTING
&amp#27;[2m2025-03-23T11:51:52.486+01:00&amp#27;[0;39m &amp#27;[32m INFO&amp#27;[0;39m &amp#27;[35m6568&amp#27;[0;39m &amp#27;[2m---&amp#27;[0;39m &amp#27;[2m[           main]&amp#27;[0;39m &amp#27;[36mcom.netflix.discovery.DiscoveryClient   &amp#27;[0;39m &amp#27;[2m:&amp#27;[0;39m Initializing Eureka in region us-east-1
&amp#27;[2m2025-03-23T11:51:52.494+01:00&amp#27;[0;39m &amp#27;[32m INFO&amp#27;[0;39m &amp#27;[35m6568&amp#27;[0;39m &amp#27;[2m---&amp#27;[0;39m &amp#27;[2m[           main]&amp#27;[0;39m &amp#27;[36mc.n.d.s.r.aws.ConfigClusterResolver     &amp#27;[0;39m &amp#27;[2m:&amp#27;[0;39m Resolving eureka endpoints via configuration
&amp#27;[2m2025-03-23T11:51:52.522+01:00&amp#27;[0;39m &amp#27;[32m INFO&amp#27;[0;39m &amp#27;[35m6568&amp#27;[0;39m &amp#27;[2m---&amp#27;[0;39m &amp#27;[2m[           main]&amp#27;[0;39m &amp#27;[36mcom.netflix.discovery.DiscoveryClient   &amp#27;[0;39m &amp#27;[2m:&amp#27;[0;39m Disable delta property : false
&amp#27;[2m2025-03-23T11:51:52.522+01:00&amp#27;[0;39m &amp#27;[32m INFO&amp#27;[0;39m &amp#27;[35m6568&amp#27;[0;39m &amp#27;[2m---&amp#27;[0;39m &amp#27;[2m[           main]&amp#27;[0;39m &amp#27;[36mcom.netflix.discovery.DiscoveryClient   &amp#27;[0;39m &amp#27;[2m:&amp#27;[0;39m Single vip registry refresh property : null
&amp#27;[2m2025-03-23T11:51:52.522+01:00&amp#27;[0;39m &amp#27;[32m INFO&amp#27;[0;39m &amp#27;[35m6568&amp#27;[0;39m &amp#27;[2m---&amp#27;[0;39m &amp#27;[2m[           main]&amp#27;[0;39m &amp#27;[36mcom.netflix.discovery.DiscoveryClient   &amp#27;[0;39m &amp#27;[2m:&amp#27;[0;39m Force full registry fetch : false
&amp#27;[2m2025-03-23T11:51:52.522+01:00&amp#27;[0;39m &amp#27;[32m INFO&amp#27;[0;39m &amp#27;[35m6568&amp#27;[0;39m &amp#27;[2m---&amp#27;[0;39m &amp#27;[2m[           main]&amp#27;[0;39m &amp#27;[36mcom.netflix.discovery.DiscoveryClient   &amp#27;[0;39m &amp#27;[2m:&amp#27;[0;39m Application is null : false
&amp#27;[2m2025-03-23T11:51:52.523+01:00&amp#27;[0;39m &amp#27;[32m INFO&amp#27;[0;39m &amp#27;[35m6568&amp#27;[0;39m &amp#27;[2m---&amp#27;[0;39m &amp#27;[2m[           main]&amp#27;[0;39m &amp#27;[36mcom.netflix.discovery.DiscoveryClient   &amp#27;[0;39m &amp#27;[2m:&amp#27;[0;39m Registered Applications size is zero : true
&amp#27;[2m2025-03-23T11:51:52.523+01:00&amp#27;[0;39m &amp#27;[32m INFO&amp#27;[0;39m &amp#27;[35m6568&amp#27;[0;39m &amp#27;[2m---&amp#27;[0;39m &amp#27;[2m[           main]&amp#27;[0;39m &amp#27;[36mcom.netflix.discovery.DiscoveryClient   &amp#27;[0;39m &amp#27;[2m:&amp#27;[0;39m Application version is -1: true
&amp#27;[2m2025-03-23T11:51:52.523+01:00&amp#27;[0;39m &amp#27;[32m INFO&amp#27;[0;39m &amp#27;[35m6568&amp#27;[0;39m &amp#27;[2m---&amp#27;[0;39m &amp#27;[2m[           main]&amp#27;[0;39m &amp#27;[36mcom.netflix.discovery.DiscoveryClient   &amp#27;[0;39m &amp#27;[2m:&amp#27;[0;39m Getting all instance registry info from the eureka server
&amp#27;[2m2025-03-23T11:51:52.885+01:00&amp#27;[0;39m &amp#27;[32m INFO&amp#27;[0;39m &amp#27;[35m6568&amp#27;[0;39m &amp#27;[2m---&amp#27;[0;39m &amp#27;[2m[           main]&amp#27;[0;39m &amp#27;[36mcom.netflix.discovery.DiscoveryClient   &amp#27;[0;39m &amp#27;[2m:&amp#27;[0;39m The response status is 200
&amp#27;[2m2025-03-23T11:51:52.889+01:00&amp#27;[0;39m &amp#27;[32m INFO&amp#27;[0;39m &amp#27;[35m6568&amp#27;[0;39m &amp#27;[2m---&amp#27;[0;39m &amp#27;[2m[           main]&amp#27;[0;39m &amp#27;[36mcom.netflix.discovery.DiscoveryClient   &amp#27;[0;39m &amp#27;[2m:&amp#27;[0;39m Starting heartbeat executor: renew interval is: 30
&amp#27;[2m2025-03-23T11:51:52.892+01:00&amp#27;[0;39m &amp#27;[32m INFO&amp#27;[0;39m &amp#27;[35m6568&amp#27;[0;39m &amp#27;[2m---&amp#27;[0;39m &amp#27;[2m[           main]&amp#27;[0;39m &amp#27;[36mc.n.discovery.InstanceInfoReplicator    &amp#27;[0;39m &amp#27;[2m:&amp#27;[0;39m InstanceInfoReplicator onDemand update allowed rate per min is 4
&amp#27;[2m2025-03-23T11:51:52.899+01:00&amp#27;[0;39m &amp#27;[32m INFO&amp#27;[0;39m &amp#27;[35m6568&amp#27;[0;39m &amp#27;[2m---&amp#27;[0;39m &amp#27;[2m[           main]&amp#27;[0;39m &amp#27;[36mcom.netflix.discovery.DiscoveryClient   &amp#27;[0;39m &amp#27;[2m:&amp#27;[0;39m Discovery Client initialized at timestamp 1742727112897 with initial instances count: 2
&amp#27;[2m2025-03-23T11:51:52.901+01:00&amp#27;[0;39m &amp#27;[32m INFO&amp#27;[0;39m &amp#27;[35m6568&amp#27;[0;39m &amp#27;[2m---&amp#27;[0;39m &amp#27;[2m[           main]&amp#27;[0;39m &amp#27;[36mo.s.c.n.e.s.EurekaServiceRegistry       &amp#27;[0;39m &amp#27;[2m:&amp#27;[0;39m Registering application ORDER-SERVICE with eureka with status UP
&amp#27;[2m2025-03-23T11:51:52.902+01:00&amp#27;[0;39m &amp#27;[32m INFO&amp#27;[0;39m &amp#27;[35m6568&amp#27;[0;39m &amp#27;[2m---&amp#27;[0;39m &amp#27;[2m[           main]&amp#27;[0;39m &amp#27;[36mcom.netflix.discovery.DiscoveryClient   &amp#27;[0;39m &amp#27;[2m:&amp#27;[0;39m Saw local status change event StatusChangeEvent [timestamp=1742727112902, current=UP, previous=STARTING]
&amp#27;[2m2025-03-23T11:51:52.903+01:00&amp#27;[0;39m &amp#27;[32m INFO&amp#27;[0;39m &amp#27;[35m6568&amp#27;[0;39m &amp#27;[2m---&amp#27;[0;39m &amp#27;[2m[nfoReplicator-0]&amp#27;[0;39m &amp#27;[36mcom.netflix.discovery.DiscoveryClient   &amp#27;[0;39m &amp#27;[2m:&amp#27;[0;39m DiscoveryClient_ORDER-SERVICE/lasses-mbp:order-service:8083: registering service...
&amp#27;[2m2025-03-23T11:51:52.910+01:00&amp#27;[0;39m &amp#27;[32m INFO&amp#27;[0;39m &amp#27;[35m6568&amp#27;[0;39m &amp#27;[2m---&amp#27;[0;39m &amp#27;[2m[           main]&amp#27;[0;39m &amp#27;[36mo.s.a.r.c.CachingConnectionFactory      &amp#27;[0;39m &amp#27;[2m:&amp#27;[0;39m Attempting to connect to: [localhost:5672]
&amp#27;[2m2025-03-23T11:51:52.961+01:00&amp#27;[0;39m &amp#27;[32m INFO&amp#27;[0;39m &amp#27;[35m6568&amp#27;[0;39m &amp#27;[2m---&amp#27;[0;39m &amp#27;[2m[nfoReplicator-0]&amp#27;[0;39m &amp#27;[36mcom.netflix.discovery.DiscoveryClient   &amp#27;[0;39m &amp#27;[2m:&amp#27;[0;39m DiscoveryClient_ORDER-SERVICE/lasses-mbp:order-service:8083 - registration status: 204
&amp#27;[2m2025-03-23T11:51:53.007+01:00&amp#27;[0;39m &amp#27;[32m INFO&amp#27;[0;39m &amp#27;[35m6568&amp#27;[0;39m &amp#27;[2m---&amp#27;[0;39m &amp#27;[2m[           main]&amp#27;[0;39m &amp#27;[36mo.s.a.r.c.CachingConnectionFactory      &amp#27;[0;39m &amp#27;[2m:&amp#27;[0;39m Created new connection: rabbitConnectionFactory#3be80ece:0/SimpleConnection@dbcf7c3 [delegate=amqp://guest@127.0.0.1:5672/, localPort=50446]
&amp#27;[2m2025-03-23T11:51:53.145+01:00&amp#27;[0;39m &amp#27;[32m INFO&amp#27;[0;39m &amp#27;[35m6568&amp#27;[0;39m &amp#27;[2m---&amp#27;[0;39m &amp#27;[2m[           main]&amp#27;[0;39m &amp#27;[36mc.e.o.t.c.behaviour.OrderServiceTest    &amp#27;[0;39m &amp#27;[2m:&amp#27;[0;39m Started OrderServiceTest in 5.403 seconds (process running for 6.672)
]]></system-out>
    <system-err><![CDATA[WARNING: A Java agent has been loaded dynamically (/Users/lassegrot/.m2/repository/net/bytebuddy/byte-buddy-agent/1.14.16/byte-buddy-agent-1.14.16.jar)
WARNING: If a serviceability tool is in use, please run with -XX:+EnableDynamicAgentLoading to hide this warning
WARNING: If a serviceability tool is not in use, please run with -Djdk.instrument.traceUsage for more information
WARNING: Dynamic loading of agents will be disallowed by default in a future release
]]></system-err>
  </testcase>
</testsuite>